<?xml version="1.0" encoding="UTF-8"?>
<testng-results ignored="0" total="1" passed="1" failed="0" skipped="0">
  <reporter-output>
  </reporter-output>
  <suite started-at="2026-02-10T21:16:43 IST" name="Suite" finished-at="2026-02-10T21:17:05 IST" duration-ms="22504">
    <groups>
      <group name="sanity">
        <method signature="LoginTest.login()[pri:0, instance:testCases.LoginTest@229f66ed]" name="login" class="testCases.LoginTest"/>
      </group> <!-- sanity -->
    </groups>
    <test started-at="2026-02-10T21:16:43 IST" name="Test" finished-at="2026-02-10T21:17:05 IST" duration-ms="22504">
      <class name="testCases.LoginTest">
        <test-method is-config="true" signature="setUp(java.lang.String,java.lang.String)[pri:0, instance:testCases.LoginTest@229f66ed]" started-at="2026-02-10T21:16:43 IST" name="setUp" finished-at="2026-02-10T21:16:53 IST" duration-ms="10453" status="PASS">
          <params>
            <param index="0">
              <value>
                <![CDATA[chrome]]>
              </value>
            </param>
            <param index="1">
              <value>
                <![CDATA[windows]]>
              </value>
            </param>
          </params>
          <reporter-output>
          </reporter-output>
        </test-method> <!-- setUp -->
        <test-method signature="login()[pri:0, instance:testCases.LoginTest@229f66ed]" started-at="2026-02-10T21:16:53 IST" name="login" finished-at="2026-02-10T21:17:05 IST" duration-ms="11247" status="PASS">
          <reporter-output>
          </reporter-output>
        </test-method> <!-- login -->
        <test-method is-config="true" signature="tearDown()[pri:0, instance:testCases.LoginTest@229f66ed]" started-at="2026-02-10T21:17:05 IST" name="tearDown" finished-at="2026-02-10T21:17:05 IST" duration-ms="260" status="PASS">
          <reporter-output>
          </reporter-output>
        </test-method> <!-- tearDown -->
      </class> <!-- testCases.LoginTest -->
    </test> <!-- Test -->
  </suite> <!-- Suite -->
</testng-results>
